Arguments: 
  /usr/local/bin/node /usr/local/bin/yarn start

PATH: 
  /usr/local/bin:/usr/bin:/bin:/usr/sbin:/sbin

Yarn version: 
  1.5.1

Node version: 
  8.10.0

Platform: 
  darwin x64

npm manifest: 
  {
    "name": "redux-simple-starter",
    "version": "1.0.0",
    "description": "Simple starter package for Redux with React and Babel support",
    "main": "index.js",
    "repository": "git@github.com:StephenGrider/ReduxSimpleStarter.git",
    "scripts": {
      "start": "node ./node_modules/webpack-dev-server/bin/webpack-dev-server.js",
      "test": "mocha --compilers js:babel-core/register --require ./test/test_helper.js --recursive ./test",
      "test:watch": "npm run test -- --watch",
      "build": "webpack -p --define process.env.NODE_ENV='\"production\"' --progress --colors"
    },
    "author": "",
    "license": "ISC",
    "devDependencies": {
      "babel-core": "^6.2.1",
      "babel-loader": "^6.2.0",
      "babel-preset-es2015": "^6.1.18",
      "babel-preset-react": "^6.1.18",
      "webpack": "^1.12.9",
      "webpack-dev-server": "^1.14.0"
    },
    "dependencies": {
      "babel-preset-stage-1": "^6.1.18",
      "dotenv": "^6.1.0",
      "lodash": "^3.10.1",
      "react": "16.3.2",
      "react-dom": "16.3.2",
      "react-redux": "5.0.7",
      "redux": "4.0.0",
      "youtube-api-search": "0.0.5"
    }
  }

yarn manifest: 
  No manifest

Lockfile: 
  No lockfile

Trace: 
  Error: Command failed.
  Exit code: 1
  Command: sh
  Arguments: -c node ./node_modules/webpack-dev-server/bin/webpack-dev-server.js
  Directory: /Users/kh/Code/YouTube-Mini
  Output:
  
      at ProcessTermError.MessageError (/usr/local/lib/node_modules/yarn/lib/cli.js:186:110)
      at new ProcessTermError (/usr/local/lib/node_modules/yarn/lib/cli.js:226:113)
      at ChildProcess.<anonymous> (/usr/local/lib/node_modules/yarn/lib/cli.js:30281:17)
      at emitTwo (events.js:126:13)
      at ChildProcess.emit (events.js:214:7)
      at maybeClose (internal/child_process.js:925:16)
      at Process.ChildProcess._handle.onexit (internal/child_process.js:209:5)
